# JRE version: OpenJDK Runtime Environment (11.0.1+13) (build 11.0.1+13)
# Java VM: OpenJDK 64-Bit Server VM (11.0.1+13, mixed mode, tiered, compressed oops, g1 gc, windows-amd64)
Heap:
 garbage-first heap   total 354304K, used 169301K [0x00000000c0000000, 0x0000000100000000)
  region size 1024K, 89 young (91136K), 13 survivors (13312K)
 Metaspace       used 17060K, capacity 17485K, committed 17792K, reserved 1064960K
  class space    used 2202K, capacity 2376K, committed 2432K, reserved 1048576K
GC Heap History (10 events):
Event: 1.430 GC heap before
{Heap before GC invocations=9 (full 1):
 garbage-first heap   total 138240K, used 89208K [0x00000000c0000000, 0x0000000100000000)
  region size 1024K, 63 young (64512K), 7 survivors (7168K)
 Metaspace       used 14631K, capacity 14943K, committed 15104K, reserved 1062912K
  class space    used 1825K, capacity 1941K, committed 2048K, reserved 1048576K
}
Event: 1.439 GC heap after
{Heap after GC invocations=10 (full 1):
 garbage-first heap   total 265216K, used 32396K [0x00000000c0000000, 0x0000000100000000)
  region size 1024K, 6 young (6144K), 6 survivors (6144K)
 Metaspace       used 14631K, capacity 14943K, committed 15104K, reserved 1062912K
  class space    used 1825K, capacity 1941K, committed 2048K, reserved 1048576K
}
Event: 1.658 GC heap before
{Heap before GC invocations=10 (full 1):
 garbage-first heap   total 265216K, used 135820K [0x00000000c0000000, 0x0000000100000000)
  region size 1024K, 99 young (101376K), 6 survivors (6144K)
 Metaspace       used 14636K, capacity 14943K, committed 15104K, reserved 1062912K
  class space    used 1825K, capacity 1941K, committed 2048K, reserved 1048576K
}
Event: 1.667 GC heap after
{Heap after GC invocations=11 (full 1):
 garbage-first heap   total 265216K, used 42750K [0x00000000c0000000, 0x0000000100000000)
  region size 1024K, 8 young (8192K), 8 survivors (8192K)
 Metaspace       used 14636K, capacity 14943K, committed 15104K, reserved 1062912K
  class space    used 1825K, capacity 1941K, committed 2048K, reserved 1048576K
}
Event: 2.673 GC heap before
{Heap before GC invocations=11 (full 1):
 garbage-first heap   total 265216K, used 198398K [0x00000000c0000000, 0x0000000100000000)
  region size 1024K, 155 young (158720K), 8 survivors (8192K)
 Metaspace       used 16436K, capacity 16851K, committed 17024K, reserved 1064960K
  class space    used 2142K, capacity 2330K, committed 2432K, reserved 1048576K
}
Event: 2.699 GC heap after
{Heap after GC invocations=12 (full 1):
 garbage-first heap   total 265216K, used 67550K [0x00000000c0000000, 0x0000000100000000)
  region size 1024K, 20 young (20480K), 20 survivors (20480K)
 Metaspace       used 16436K, capacity 16851K, committed 17024K, reserved 1064960K
  class space    used 2142K, capacity 2330K, committed 2432K, reserved 1048576K
}
Event: 2.890 GC heap before
{Heap before GC invocations=12 (full 1):
 garbage-first heap   total 265216K, used 190430K [0x00000000c0000000, 0x0000000100000000)
  region size 1024K, 140 young (143360K), 20 survivors (20480K)
 Metaspace       used 16526K, capacity 16955K, committed 17024K, reserved 1064960K
  class space    used 2174K, capacity 2365K, committed 2432K, reserved 1048576K
}
Event: 2.915 GC heap after
{Heap after GC invocations=13 (full 1):
 garbage-first heap   total 265216K, used 79701K [0x00000000c0000000, 0x0000000100000000)
  region size 1024K, 13 young (13312K), 13 survivors (13312K)
 Metaspace       used 16526K, capacity 16955K, committed 17024K, reserved 1064960K
  class space    used 2174K, capacity 2365K, committed 2432K, reserved 1048576K
}
Event: 3.026 GC heap before
{Heap before GC invocations=13 (full 1):
 garbage-first heap   total 265216K, used 198485K [0x00000000c0000000, 0x0000000100000000)
  region size 1024K, 129 young (132096K), 13 survivors (13312K)
 Metaspace       used 16526K, capacity 16955K, committed 17024K, reserved 1064960K
  class space    used 2174K, capacity 2365K, committed 2432K, reserved 1048576K
}
Event: 3.044 GC heap after
{Heap after GC invocations=14 (full 1):
 garbage-first heap   total 354304K, used 92501K [0x00000000c0000000, 0x0000000100000000)
  region size 1024K, 13 young (13312K), 13 survivors (13312K)
 Metaspace       used 16526K, capacity 16955K, committed 17024K, reserved 1064960K
  class space    used 2174K, capacity 2365K, committed 2432K, reserved 1048576K
}

