# JRE version: OpenJDK Runtime Environment (11.0.8+10) (build 11.0.8+10-post-Ubuntu-0ubuntu118.04.1)
# Java VM: OpenJDK 64-Bit Server VM (11.0.8+10-post-Ubuntu-0ubuntu118.04.1, mixed mode, sharing, tiered, compressed oops, g1 gc, linux-amd64)
Heap:
 garbage-first heap   total 262144K, used 112422K [0x00000000c0000000, 0x0000000100000000)
  region size 1024K, 55 young (56320K), 7 survivors (7168K)
 Metaspace       used 10171K, capacity 11979K, committed 12160K, reserved 1058816K
  class space    used 1571K, capacity 1900K, committed 1920K, reserved 1048576K
GC Heap History (20 events):
Event: 1.833 GC heap before
{Heap before GC invocations=10 (full 3):
 garbage-first heap   total 30720K, used 12192K [0x00000000c0000000, 0x0000000100000000)
  region size 1024K, 3 young (3072K), 0 survivors (0K)
 Metaspace       used 7595K, capacity 9686K, committed 9984K, reserved 1058816K
  class space    used 1145K, capacity 1414K, committed 1536K, reserved 1048576K
}
Event: 1.836 GC heap after
{Heap after GC invocations=11 (full 3):
 garbage-first heap   total 30720K, used 10863K [0x00000000c0000000, 0x0000000100000000)
  region size 1024K, 1 young (1024K), 1 survivors (1024K)
 Metaspace       used 7595K, capacity 9686K, committed 9984K, reserved 1058816K
  class space    used 1145K, capacity 1414K, committed 1536K, reserved 1048576K
}
Event: 2.314 GC heap before
{Heap before GC invocations=12 (full 3):
 garbage-first heap   total 30720K, used 25199K [0x00000000c0000000, 0x0000000100000000)
  region size 1024K, 10 young (10240K), 1 survivors (1024K)
 Metaspace       used 7616K, capacity 9686K, committed 9984K, reserved 1058816K
  class space    used 1145K, capacity 1414K, committed 1536K, reserved 1048576K
}
Event: 2.334 GC heap after
{Heap after GC invocations=13 (full 3):
 garbage-first heap   total 80896K, used 18148K [0x00000000c0000000, 0x0000000100000000)
  region size 1024K, 2 young (2048K), 2 survivors (2048K)
 Metaspace       used 7616K, capacity 9686K, committed 9984K, reserved 1058816K
  class space    used 1145K, capacity 1414K, committed 1536K, reserved 1048576K
}
Event: 2.378 GC heap before
{Heap before GC invocations=13 (full 3):
 garbage-first heap   total 80896K, used 19172K [0x00000000c0000000, 0x0000000100000000)
  region size 1024K, 3 young (3072K), 2 survivors (2048K)
 Metaspace       used 7619K, capacity 9686K, committed 9984K, reserved 1058816K
  class space    used 1145K, capacity 1414K, committed 1536K, reserved 1048576K
}
Event: 2.391 GC heap after
{Heap after GC invocations=14 (full 3):
 garbage-first heap   total 80896K, used 18522K [0x00000000c0000000, 0x0000000100000000)
  region size 1024K, 1 young (1024K), 1 survivors (1024K)
 Metaspace       used 7619K, capacity 9686K, committed 9984K, reserved 1058816K
  class space    used 1145K, capacity 1414K, committed 1536K, reserved 1048576K
}
Event: 2.485 GC heap before
{Heap before GC invocations=14 (full 3):
 garbage-first heap   total 80896K, used 20570K [0x00000000c0000000, 0x0000000100000000)
  region size 1024K, 3 young (3072K), 1 survivors (1024K)
 Metaspace       used 7622K, capacity 9686K, committed 9984K, reserved 1058816K
  class space    used 1145K, capacity 1414K, committed 1536K, reserved 1048576K
}
Event: 2.491 GC heap after
{Heap after GC invocations=15 (full 3):
 garbage-first heap   total 80896K, used 18980K [0x00000000c0000000, 0x0000000100000000)
  region size 1024K, 1 young (1024K), 1 survivors (1024K)
 Metaspace       used 7622K, capacity 9686K, committed 9984K, reserved 1058816K
  class space    used 1145K, capacity 1414K, committed 1536K, reserved 1048576K
}
Event: 2.903 GC heap before
{Heap before GC invocations=15 (full 3):
 garbage-first heap   total 80896K, used 48676K [0x00000000c0000000, 0x0000000100000000)
  region size 1024K, 30 young (30720K), 1 survivors (1024K)
 Metaspace       used 8129K, capacity 10129K, committed 10240K, reserved 1058816K
  class space    used 1229K, capacity 1508K, committed 1536K, reserved 1048576K
}
Event: 2.916 GC heap after
{Heap after GC invocations=16 (full 3):
 garbage-first heap   total 80896K, used 21965K [0x00000000c0000000, 0x0000000100000000)
  region size 1024K, 4 young (4096K), 4 survivors (4096K)
 Metaspace       used 8129K, capacity 10129K, committed 10240K, reserved 1058816K
  class space    used 1229K, capacity 1508K, committed 1536K, reserved 1048576K
}
Event: 2.977 GC heap before
{Heap before GC invocations=16 (full 3):
 garbage-first heap   total 80896K, used 50637K [0x00000000c0000000, 0x0000000100000000)
  region size 1024K, 32 young (32768K), 4 survivors (4096K)
 Metaspace       used 8134K, capacity 10134K, committed 10240K, reserved 1058816K
  class space    used 1231K, capacity 1511K, committed 1536K, reserved 1048576K
}
Event: 2.990 GC heap after
{Heap after GC invocations=17 (full 3):
 garbage-first heap   total 138240K, used 24562K [0x00000000c0000000, 0x0000000100000000)
  region size 1024K, 3 young (3072K), 3 survivors (3072K)
 Metaspace       used 8134K, capacity 10134K, committed 10240K, reserved 1058816K
  class space    used 1231K, capacity 1511K, committed 1536K, reserved 1048576K
}
Event: 3.137 GC heap before
{Heap before GC invocations=17 (full 3):
 garbage-first heap   total 138240K, used 70642K [0x00000000c0000000, 0x0000000100000000)
  region size 1024K, 47 young (48128K), 3 survivors (3072K)
 Metaspace       used 8303K, capacity 10336K, committed 10624K, reserved 1058816K
  class space    used 1279K, capacity 1579K, committed 1664K, reserved 1048576K
}
Event: 3.162 GC heap after
{Heap after GC invocations=18 (full 3):
 garbage-first heap   total 138240K, used 31648K [0x00000000c0000000, 0x0000000100000000)
  region size 1024K, 6 young (6144K), 6 survivors (6144K)
 Metaspace       used 8303K, capacity 10336K, committed 10624K, reserved 1058816K
  class space    used 1279K, capacity 1579K, committed 1664K, reserved 1048576K
}
Event: 3.257 GC heap before
{Heap before GC invocations=18 (full 3):
 garbage-first heap   total 138240K, used 83872K [0x00000000c0000000, 0x0000000100000000)
  region size 1024K, 57 young (58368K), 6 survivors (6144K)
 Metaspace       used 8323K, capacity 10349K, committed 10624K, reserved 1058816K
  class space    used 1283K, capacity 1585K, committed 1664K, reserved 1048576K
}
Event: 3.280 GC heap after
{Heap after GC invocations=19 (full 3):
 garbage-first heap   total 138240K, used 37461K [0x00000000c0000000, 0x0000000100000000)
  region size 1024K, 6 young (6144K), 6 survivors (6144K)
 Metaspace       used 8323K, capacity 10349K, committed 10624K, reserved 1058816K
  class space    used 1283K, capacity 1585K, committed 1664K, reserved 1048576K
}
Event: 3.342 GC heap before
{Heap before GC invocations=19 (full 3):
 garbage-first heap   total 138240K, used 90709K [0x00000000c0000000, 0x0000000100000000)
  region size 1024K, 58 young (59392K), 6 survivors (6144K)
 Metaspace       used 8324K, capacity 10349K, committed 10624K, reserved 1058816K
  class space    used 1283K, capacity 1585K, committed 1664K, reserved 1048576K
}
Event: 3.359 GC heap after
{Heap after GC invocations=20 (full 3):
 garbage-first heap   total 138240K, used 41354K [0x00000000c0000000, 0x0000000100000000)
  region size 1024K, 5 young (5120K), 5 survivors (5120K)
 Metaspace       used 8324K, capacity 10349K, committed 10624K, reserved 1058816K
  class space    used 1283K, capacity 1585K, committed 1664K, reserved 1048576K
}
Event: 3.977 GC heap before
{Heap before GC invocations=20 (full 3):
 garbage-first heap   total 138240K, used 102794K [0x00000000c0000000, 0x0000000100000000)
  region size 1024K, 54 young (55296K), 5 survivors (5120K)
 Metaspace       used 8326K, capacity 10349K, committed 10624K, reserved 1058816K
  class space    used 1283K, capacity 1585K, committed 1664K, reserved 1048576K
}
Event: 4.018 GC heap after
{Heap after GC invocations=21 (full 3):
 garbage-first heap   total 262144K, used 63270K [0x00000000c0000000, 0x0000000100000000)
  region size 1024K, 7 young (7168K), 7 survivors (7168K)
 Metaspace       used 8326K, capacity 10349K, committed 10624K, reserved 1058816K
  class space    used 1283K, capacity 1585K, committed 1664K, reserved 1048576K
}

