# JRE version: OpenJDK Runtime Environment (11.0.1+13) (build 11.0.1+13)
# Java VM: OpenJDK 64-Bit Server VM (11.0.1+13, mixed mode, tiered, compressed oops, g1 gc, windows-amd64)
Heap:
 garbage-first heap   total 329728K, used 179029K [0x00000000c0000000, 0x0000000100000000)
  region size 1024K, 105 young (107520K), 15 survivors (15360K)
 Metaspace       used 17083K, capacity 17492K, committed 17792K, reserved 1064960K
  class space    used 2209K, capacity 2376K, committed 2432K, reserved 1048576K
GC Heap History (10 events):
Event: 2.043 GC heap before
{Heap before GC invocations=16 (full 1):
 garbage-first heap   total 257024K, used 134460K [0x00000000c0000000, 0x0000000100000000)
  region size 1024K, 110 young (112640K), 3 survivors (3072K)
 Metaspace       used 14634K, capacity 14885K, committed 15104K, reserved 1062912K
  class space    used 1836K, capacity 1944K, committed 2048K, reserved 1048576K
}
Event: 2.052 GC heap after
{Heap after GC invocations=17 (full 1):
 garbage-first heap   total 257024K, used 33393K [0x00000000c0000000, 0x0000000100000000)
  region size 1024K, 12 young (12288K), 12 survivors (12288K)
 Metaspace       used 14634K, capacity 14885K, committed 15104K, reserved 1062912K
  class space    used 1836K, capacity 1944K, committed 2048K, reserved 1048576K
}
Event: 2.282 GC heap before
{Heap before GC invocations=17 (full 1):
 garbage-first heap   total 257024K, used 89713K [0x00000000c0000000, 0x0000000100000000)
  region size 1024K, 55 young (56320K), 12 survivors (12288K)
 Metaspace       used 14843K, capacity 15177K, committed 15360K, reserved 1062912K
  class space    used 1893K, capacity 2025K, committed 2048K, reserved 1048576K
}
Event: 2.294 GC heap after
{Heap after GC invocations=18 (full 1):
 garbage-first heap   total 257024K, used 45185K [0x00000000c0000000, 0x0000000100000000)
  region size 1024K, 7 young (7168K), 7 survivors (7168K)
 Metaspace       used 14843K, capacity 15177K, committed 15360K, reserved 1062912K
  class space    used 1893K, capacity 2025K, committed 2048K, reserved 1048576K
}
Event: 2.730 GC heap before
{Heap before GC invocations=18 (full 1):
 garbage-first heap   total 257024K, used 164993K [0x00000000c0000000, 0x0000000100000000)
  region size 1024K, 123 young (125952K), 7 survivors (7168K)
 Metaspace       used 16717K, capacity 17124K, committed 17280K, reserved 1064960K
  class space    used 2150K, capacity 2332K, committed 2432K, reserved 1048576K
}
Event: 2.747 GC heap after
{Heap after GC invocations=19 (full 1):
 garbage-first heap   total 257024K, used 61559K [0x00000000c0000000, 0x0000000100000000)
  region size 1024K, 16 young (16384K), 16 survivors (16384K)
 Metaspace       used 16717K, capacity 17124K, committed 17280K, reserved 1064960K
  class space    used 2150K, capacity 2332K, committed 2432K, reserved 1048576K
}
Event: 2.883 GC heap before
{Heap before GC invocations=19 (full 1):
 garbage-first heap   total 257024K, used 179319K [0x00000000c0000000, 0x0000000100000000)
  region size 1024K, 131 young (134144K), 16 survivors (16384K)
 Metaspace       used 16812K, capacity 17227K, committed 17536K, reserved 1064960K
  class space    used 2192K, capacity 2367K, committed 2432K, reserved 1048576K
}
Event: 2.903 GC heap after
{Heap after GC invocations=20 (full 1):
 garbage-first heap   total 329728K, used 73308K [0x00000000c0000000, 0x0000000100000000)
  region size 1024K, 12 young (12288K), 12 survivors (12288K)
 Metaspace       used 16812K, capacity 17227K, committed 17536K, reserved 1064960K
  class space    used 2192K, capacity 2367K, committed 2432K, reserved 1048576K
}
Event: 3.080 GC heap before
{Heap before GC invocations=20 (full 1):
 garbage-first heap   total 329728K, used 209500K [0x00000000c0000000, 0x0000000100000000)
  region size 1024K, 145 young (148480K), 12 survivors (12288K)
 Metaspace       used 16815K, capacity 17228K, committed 17536K, reserved 1064960K
  class space    used 2192K, capacity 2367K, committed 2432K, reserved 1048576K
}
Event: 3.098 GC heap after
{Heap after GC invocations=21 (full 1):
 garbage-first heap   total 329728K, used 87893K [0x00000000c0000000, 0x0000000100000000)
  region size 1024K, 15 young (15360K), 15 survivors (15360K)
 Metaspace       used 16815K, capacity 17228K, committed 17536K, reserved 1064960K
  class space    used 2192K, capacity 2367K, committed 2432K, reserved 1048576K
}

