# JRE version: OpenJDK Runtime Environment (11.0.8+10) (build 11.0.8+10-post-Ubuntu-0ubuntu118.04.1)
# Java VM: OpenJDK 64-Bit Server VM (11.0.8+10-post-Ubuntu-0ubuntu118.04.1, mixed mode, sharing, tiered, compressed oops, g1 gc, linux-amd64)
Heap:
 garbage-first heap   total 184320K, used 106669K [0x00000000c0000000, 0x0000000100000000)
  region size 1024K, 51 young (52224K), 6 survivors (6144K)
 Metaspace       used 10175K, capacity 11977K, committed 12160K, reserved 1058816K
  class space    used 1572K, capacity 1900K, committed 1920K, reserved 1048576K
GC Heap History (20 events):
Event: 2.148 GC heap before
{Heap before GC invocations=7 (full 1):
 garbage-first heap   total 71680K, used 40371K [0x00000000c0000000, 0x0000000100000000)
  region size 1024K, 31 young (31744K), 4 survivors (4096K)
 Metaspace       used 7762K, capacity 9810K, committed 10240K, reserved 1058816K
  class space    used 1139K, capacity 1411K, committed 1536K, reserved 1048576K
}
Event: 2.173 GC heap after
{Heap after GC invocations=8 (full 1):
 garbage-first heap   total 71680K, used 17064K [0x00000000c0000000, 0x0000000100000000)
  region size 1024K, 4 young (4096K), 4 survivors (4096K)
 Metaspace       used 7762K, capacity 9810K, committed 10240K, reserved 1058816K
  class space    used 1139K, capacity 1411K, committed 1536K, reserved 1048576K
}
Event: 2.217 GC heap before
{Heap before GC invocations=8 (full 1):
 garbage-first heap   total 71680K, used 18088K [0x00000000c0000000, 0x0000000100000000)
  region size 1024K, 5 young (5120K), 4 survivors (4096K)
 Metaspace       used 7762K, capacity 9810K, committed 10240K, reserved 1058816K
  class space    used 1139K, capacity 1411K, committed 1536K, reserved 1048576K
}
Event: 2.239 GC heap after
{Heap after GC invocations=9 (full 1):
 garbage-first heap   total 71680K, used 18106K [0x00000000c0000000, 0x0000000100000000)
  region size 1024K, 1 young (1024K), 1 survivors (1024K)
 Metaspace       used 7762K, capacity 9810K, committed 10240K, reserved 1058816K
  class space    used 1139K, capacity 1411K, committed 1536K, reserved 1048576K
}
Event: 2.283 GC heap before
{Heap before GC invocations=9 (full 1):
 garbage-first heap   total 71680K, used 18106K [0x00000000c0000000, 0x0000000100000000)
  region size 1024K, 2 young (2048K), 1 survivors (1024K)
 Metaspace       used 7762K, capacity 9810K, committed 10240K, reserved 1058816K
  class space    used 1139K, capacity 1411K, committed 1536K, reserved 1048576K
}
Event: 2.309 GC heap after
{Heap after GC invocations=10 (full 2):
 garbage-first heap   total 58368K, used 15287K [0x00000000c0000000, 0x0000000100000000)
  region size 1024K, 0 young (0K), 0 survivors (0K)
 Metaspace       used 7762K, capacity 9810K, committed 10240K, reserved 1058816K
  class space    used 1139K, capacity 1411K, committed 1536K, reserved 1048576K
}
Event: 2.682 GC heap before
{Heap before GC invocations=10 (full 2):
 garbage-first heap   total 58368K, used 26551K [0x00000000c0000000, 0x0000000100000000)
  region size 1024K, 11 young (11264K), 0 survivors (0K)
 Metaspace       used 7959K, capacity 9940K, committed 10240K, reserved 1058816K
  class space    used 1188K, capacity 1487K, committed 1536K, reserved 1048576K
}
Event: 2.694 GC heap after
{Heap after GC invocations=11 (full 2):
 garbage-first heap   total 106496K, used 17694K [0x00000000c0000000, 0x0000000100000000)
  region size 1024K, 2 young (2048K), 2 survivors (2048K)
 Metaspace       used 7959K, capacity 9940K, committed 10240K, reserved 1058816K
  class space    used 1188K, capacity 1487K, committed 1536K, reserved 1048576K
}
Event: 2.900 GC heap before
{Heap before GC invocations=11 (full 2):
 garbage-first heap   total 106496K, used 55582K [0x00000000c0000000, 0x0000000100000000)
  region size 1024K, 39 young (39936K), 2 survivors (2048K)
 Metaspace       used 8167K, capacity 10130K, committed 10240K, reserved 1058816K
  class space    used 1230K, capacity 1508K, committed 1536K, reserved 1048576K
}
Event: 2.916 GC heap after
{Heap after GC invocations=12 (full 2):
 garbage-first heap   total 106496K, used 20766K [0x00000000c0000000, 0x0000000100000000)
  region size 1024K, 5 young (5120K), 5 survivors (5120K)
 Metaspace       used 8167K, capacity 10130K, committed 10240K, reserved 1058816K
  class space    used 1230K, capacity 1508K, committed 1536K, reserved 1048576K
}
Event: 3.001 GC heap before
{Heap before GC invocations=12 (full 2):
 garbage-first heap   total 106496K, used 60702K [0x00000000c0000000, 0x0000000100000000)
  region size 1024K, 44 young (45056K), 5 survivors (5120K)
 Metaspace       used 8173K, capacity 10194K, committed 10240K, reserved 1058816K
  class space    used 1230K, capacity 1508K, committed 1536K, reserved 1048576K
}
Event: 3.029 GC heap after
{Heap after GC invocations=13 (full 2):
 garbage-first heap   total 106496K, used 24163K [0x00000000c0000000, 0x0000000100000000)
  region size 1024K, 4 young (4096K), 4 survivors (4096K)
 Metaspace       used 8173K, capacity 10194K, committed 10240K, reserved 1058816K
  class space    used 1230K, capacity 1508K, committed 1536K, reserved 1048576K
}
Event: 3.265 GC heap before
{Heap before GC invocations=13 (full 2):
 garbage-first heap   total 106496K, used 66147K [0x00000000c0000000, 0x0000000100000000)
  region size 1024K, 44 young (45056K), 4 survivors (4096K)
 Metaspace       used 8347K, capacity 10345K, committed 10624K, reserved 1058816K
  class space    used 1282K, capacity 1582K, committed 1664K, reserved 1048576K
}
Event: 3.282 GC heap after
{Heap after GC invocations=14 (full 2):
 garbage-first heap   total 106496K, used 31392K [0x00000000c0000000, 0x0000000100000000)
  region size 1024K, 6 young (6144K), 6 survivors (6144K)
 Metaspace       used 8347K, capacity 10345K, committed 10624K, reserved 1058816K
  class space    used 1282K, capacity 1582K, committed 1664K, reserved 1048576K
}
Event: 3.334 GC heap before
{Heap before GC invocations=14 (full 2):
 garbage-first heap   total 106496K, used 70304K [0x00000000c0000000, 0x0000000100000000)
  region size 1024K, 44 young (45056K), 6 survivors (6144K)
 Metaspace       used 8348K, capacity 10345K, committed 10624K, reserved 1058816K
  class space    used 1282K, capacity 1582K, committed 1664K, reserved 1048576K
}
Event: 3.366 GC heap after
{Heap after GC invocations=15 (full 2):
 garbage-first heap   total 184320K, used 35372K [0x00000000c0000000, 0x0000000100000000)
  region size 1024K, 4 young (4096K), 4 survivors (4096K)
 Metaspace       used 8348K, capacity 10345K, committed 10624K, reserved 1058816K
  class space    used 1282K, capacity 1582K, committed 1664K, reserved 1048576K
}
Event: 3.490 GC heap before
{Heap before GC invocations=15 (full 2):
 garbage-first heap   total 184320K, used 98860K [0x00000000c0000000, 0x0000000100000000)
  region size 1024K, 66 young (67584K), 4 survivors (4096K)
 Metaspace       used 8349K, capacity 10345K, committed 10624K, reserved 1058816K
  class space    used 1282K, capacity 1582K, committed 1664K, reserved 1048576K
}
Event: 3.525 GC heap after
{Heap after GC invocations=16 (full 2):
 garbage-first heap   total 184320K, used 39468K [0x00000000c0000000, 0x0000000100000000)
  region size 1024K, 8 young (8192K), 8 survivors (8192K)
 Metaspace       used 8349K, capacity 10345K, committed 10624K, reserved 1058816K
  class space    used 1282K, capacity 1582K, committed 1664K, reserved 1048576K
}
Event: 4.235 GC heap before
{Heap before GC invocations=16 (full 2):
 garbage-first heap   total 184320K, used 90668K [0x00000000c0000000, 0x0000000100000000)
  region size 1024K, 47 young (48128K), 8 survivors (8192K)
 Metaspace       used 8350K, capacity 10345K, committed 10624K, reserved 1058816K
  class space    used 1282K, capacity 1582K, committed 1664K, reserved 1048576K
}
Event: 4.270 GC heap after
{Heap after GC invocations=17 (full 2):
 garbage-first heap   total 184320K, used 60589K [0x00000000c0000000, 0x0000000100000000)
  region size 1024K, 6 young (6144K), 6 survivors (6144K)
 Metaspace       used 8350K, capacity 10345K, committed 10624K, reserved 1058816K
  class space    used 1282K, capacity 1582K, committed 1664K, reserved 1048576K
}

